#
# There is insufficient memory for the Java Runtime Environment to continue.
# Native memory allocation (mmap) failed to map 100663296 bytes for G1 virtual space
# Possible reasons:
#   The system is out of physical RAM or swap space
#   The process is running with CompressedOops enabled, and the Java Heap may be blocking the growth of the native heap
# Possible solutions:
#   Reduce memory load on the system
#   Increase physical memory or swap space
#   Check if swap backing store is full
#   Decrease Java heap size (-Xmx/-Xms)
#   Decrease number of Java threads
#   Decrease Java thread stack sizes (-Xss)
#   Set larger code cache with -XX:ReservedCodeCacheSize=
#   JVM is running with Unscaled Compressed Oops mode in which the Java heap is
#     placed in the first 4GB address space. The Java Heap base address is the
#     maximum limit for the native heap growth. Please use -XX:HeapBaseMinAddress
#     to set the Java Heap base and to place the Java Heap above 4GB virtual address.
# This output file may be truncated or incomplete.
#
#  Out of Memory Error (os_windows.cpp:3536), pid=10012, tid=7188
#
# JRE version:  (19.0.2+7) (build )
# Java VM: OpenJDK 64-Bit Server VM (19.0.2+7-44, mixed mode, emulated-client, sharing, tiered, compressed oops, compressed class ptrs, g1 gc, windows-amd64)
# No core dump will be written. Minidumps are not enabled by default on client versions of Windows
#

---------------  S U M M A R Y ------------

Command Line: -XX:TieredStopAtLevel=1 -Dspring.output.ansi.enabled=always -Dcom.sun.management.jmxremote -Dspring.jmx.enabled=true -Dspring.liveBeansView.mbeanDomain -Dspring.application.admin.enabled=true -javaagent:C:\Program Files\JetBrains\IntelliJ IDEA 2022.2\lib\idea_rt.jar=56830:C:\Program Files\JetBrains\IntelliJ IDEA 2022.2\bin -Dfile.encoding=UTF-8 com.itm.space.backend.client.BackendGatewayClientApplication

Host: AMD Ryzen 3 3200U with Radeon Vega Mobile Gfx  , 4 cores, 5G,  Windows 10 , 64 bit Build 19041 (10.0.19041.2913)
Time: Wed May 24 13:14:16 2023 RTZ 2 (s 10 , 64 bit Build 19041 (10.0.19041.2913) elapsed time: 0.036567 seconds (0d 0h 0m 0s)

---------------  T H R E A D  ---------------

Current thread (0x000001d483d1d570):  JavaThread "Unknown thread" [_thread_in_vm, id=7188, stack(0x0000007793700000,0x0000007793800000)]

Stack: [0x0000007793700000,0x0000007793800000]
Native frames: (J=compiled Java code, j=interpreted, Vv=VM code, C=native code)
V  [jvm.dll+0x6ee21a]
V  [jvm.dll+0x85765e]
V  [jvm.dll+0x85904e]
V  [jvm.dll+0x859703]
V  [jvm.dll+0x28298f]
V  [jvm.dll+0x6eb009]
V  [jvm.dll+0x6dfbaa]
V  [jvm.dll+0x3573f6]
V  [jvm.dll+0x35ee56]
V  [jvm.dll+0x3b541e]
V  [jvm.dll+0x3b564f]
V  [jvm.dll+0x32c9ea]
V  [jvm.dll+0x32d89e]
V  [jvm.dll+0x821780]
V  [jvm.dll+0x3c2661]
V  [jvm.dll+0x801f51]
V  [jvm.dll+0x44ae8f]
V  [jvm.dll+0x44c811]
C  [jli.dll+0x5287]
C  [ucrtbase.dll+0x21bb2]
C  [KERNEL32.DLL+0x17614]
C  [ntdll.dll+0x526a1]


---------------  P R O C E S S  ---------------

Threads class SMR info:
_java_thread_list=0x00007ffc3bbfd048, length=0, elements={
}

Java Threads: ( => current thread )

Other Threads:
  0x000001d483d6d400 WorkerThread "GC Thread#0" [stack: 0x0000007793800000,0x0000007793900000] [id=780]
  0x000001d483d7a1a0 ConcurrentGCThread "G1 Main Marker" [stack: 0x0000007793900000,0x0000007793a00000] [id=8620]
  0x000001d483d7abd0 WorkerThread "G1 Conc#0" [stack: 0x0000007793a00000,0x0000007793b00000] [id=11952]

[error occurred during error reporting (printing all threads), id 0xc0000005, EXCEPTION_ACCESS_VIOLATION (0xc0000005) at pc=0x00007ffc3b3bd427]

VM state: not at safepoint (not fully initialized)

VM Mutex/Monitor currently owned by a thread:  ([mutex/lock_event])
[0x000001d483d18fc0] Heap_lock - owner thread: 0x000001d483d1d570

Heap address: 0x00000000a0e00000, size: 1522 MB, Compressed Oops mode: 32-bit

CDS archive(s) mapped at: [0x0000000000000000-0x0000000000000000-0x0000000000000000), size 0, SharedBaseAddress: 0x0000000800000000, ArchiveRelocationMode: 0.
Narrow klass base: 0x0000000000000000, Narrow klass shift: 0, Narrow klass range: 0x0

GC Precious Log:
 CardTable entry size: 512
 Card Set container configuration: InlinePtr #cards 5 size 8 Array Of Cards #cards 12 size 40 Howl #buckets 4 coarsen threshold 1843 Howl Bitmap #cards 512 size 80 coarsen threshold 460 Card regions per heap region 1 cards per card region 2048

Heap:
 garbage-first heap   total 0K, used 0K [0x00000000a0e00000, 0x0000000100000000)
  region size 1024K, 0 young (0K), 0 survivors (0K)

[error occurred during error reporting (printing heap information), id 0xc0000005, EXCEPTION_ACCESS_VIOLATION (0xc0000005) at pc=0x00007ffc3b7c6649]

GC Heap History (0 events):
No events

Dll operation events (1 events):
Event: 0.025 Loaded shared library C:\Users\VyacheslaV\.jdks\openjdk-19.0.2\bin\java.dll

Deoptimization events (0 events):
No events

Classes loaded (0 events):
No events

Classes unloaded (0 events):
No events

Classes redefined (0 events):
No events

Internal exceptions (0 events):
No events

VM Operations (0 events):
No events

Events (0 events):
No events


Dynamic libraries:
0x00007ff7b59a0000 - 0x00007ff7b59ae000 	C:\Users\VyacheslaV\.jdks\openjdk-19.0.2\bin\java.exe
0x00007ffc97910000 - 0x00007ffc97b08000 	C:\WINDOWS\SYSTEM32\ntdll.dll
0x00007ffc96610000 - 0x00007ffc966cf000 	C:\WINDOWS\System32\KERNEL32.DLL
0x00007ffc955d0000 - 0x00007ffc958c6000 	C:\WINDOWS\System32\KERNELBASE.dll
0x00007ffc95200000 - 0x00007ffc95300000 	C:\WINDOWS\System32\ucrtbase.dll
0x00007ffc8ea20000 - 0x00007ffc8ea3b000 	C:\Users\VyacheslaV\.jdks\openjdk-19.0.2\bin\VCRUNTIME140.dll
0x00007ffc8ea40000 - 0x00007ffc8ea57000 	C:\Users\VyacheslaV\.jdks\openjdk-19.0.2\bin\jli.dll
0x00007ffc96800000 - 0x00007ffc9699d000 	C:\WINDOWS\System32\USER32.dll
0x00007ffc84970000 - 0x00007ffc84c0a000 	C:\WINDOWS\WinSxS\amd64_microsoft.windows.common-controls_6595b64144ccf1df_6.0.19041.1110_none_60b5254171f9507e\COMCTL32.dll
0x00007ffc95940000 - 0x00007ffc95962000 	C:\WINDOWS\System32\win32u.dll
0x00007ffc95ac0000 - 0x00007ffc95b5e000 	C:\WINDOWS\System32\msvcrt.dll
0x00007ffc96ad0000 - 0x00007ffc96afc000 	C:\WINDOWS\System32\GDI32.dll
0x00007ffc950e0000 - 0x00007ffc951f5000 	C:\WINDOWS\System32\gdi32full.dll
0x00007ffc94ff0000 - 0x00007ffc9508d000 	C:\WINDOWS\System32\msvcp_win.dll
0x00007ffc96fd0000 - 0x00007ffc97000000 	C:\WINDOWS\System32\IMM32.DLL
0x00007ffc8ea10000 - 0x00007ffc8ea1c000 	C:\Users\VyacheslaV\.jdks\openjdk-19.0.2\bin\vcruntime140_1.dll
0x00007ffc6c800000 - 0x00007ffc6c88e000 	C:\Users\VyacheslaV\.jdks\openjdk-19.0.2\bin\msvcp140.dll
0x00007ffc3b080000 - 0x00007ffc3bd40000 	C:\Users\VyacheslaV\.jdks\openjdk-19.0.2\bin\server\jvm.dll
0x00007ffc970b0000 - 0x00007ffc9715f000 	C:\WINDOWS\System32\ADVAPI32.dll
0x00007ffc97000000 - 0x00007ffc9709c000 	C:\WINDOWS\System32\sechost.dll
0x00007ffc966d0000 - 0x00007ffc967f6000 	C:\WINDOWS\System32\RPCRT4.dll
0x00007ffc7f0a0000 - 0x00007ffc7f0a9000 	C:\WINDOWS\SYSTEM32\WSOCK32.dll
0x00007ffc95fc0000 - 0x00007ffc9602b000 	C:\WINDOWS\System32\WS2_32.dll
0x00007ffc8acb0000 - 0x00007ffc8acd7000 	C:\WINDOWS\SYSTEM32\WINMM.dll
0x00007ffc8aca0000 - 0x00007ffc8acaa000 	C:\WINDOWS\SYSTEM32\VERSION.dll
0x00007ffc92e70000 - 0x00007ffc92e82000 	C:\WINDOWS\SYSTEM32\kernel.appcore.dll
0x00007ffc8ac80000 - 0x00007ffc8ac8a000 	C:\Users\VyacheslaV\.jdks\openjdk-19.0.2\bin\jimage.dll
0x00007ffc88740000 - 0x00007ffc88924000 	C:\WINDOWS\SYSTEM32\DBGHELP.DLL
0x00007ffc7f010000 - 0x00007ffc7f044000 	C:\WINDOWS\SYSTEM32\dbgcore.DLL
0x00007ffc95540000 - 0x00007ffc955c2000 	C:\WINDOWS\System32\bcryptPrimitives.dll
0x00007ffc83cf0000 - 0x00007ffc83cfe000 	C:\Users\VyacheslaV\.jdks\openjdk-19.0.2\bin\instrument.dll
0x00007ffc83e40000 - 0x00007ffc83e66000 	C:\Users\VyacheslaV\.jdks\openjdk-19.0.2\bin\java.dll

dbghelp: loaded successfully - version: 4.0.5 - missing functions: none
symbol engine: initialized successfully - sym options: 0x614 - pdb path: .;C:\Users\VyacheslaV\.jdks\openjdk-19.0.2\bin;C:\WINDOWS\SYSTEM32;C:\WINDOWS\WinSxS\amd64_microsoft.windows.common-controls_6595b64144ccf1df_6.0.19041.1110_none_60b5254171f9507e;C:\Users\VyacheslaV\.jdks\openjdk-19.0.2\bin\server

VM Arguments:
jvm_args: -XX:TieredStopAtLevel=1 -Dspring.output.ansi.enabled=always -Dcom.sun.management.jmxremote -Dspring.jmx.enabled=true -Dspring.liveBeansView.mbeanDomain -Dspring.application.admin.enabled=true -javaagent:C:\Program Files\JetBrains\IntelliJ IDEA 2022.2\lib\idea_rt.jar=56830:C:\Program Files\JetBrains\IntelliJ IDEA 2022.2\bin -Dfile.encoding=UTF-8 
java_command: com.itm.space.backend.client.BackendGatewayClientApplication
java_class_path (initial): C:\Users\VyacheslaV\IdeaProjects\MS\backend-gateway-client\target\classes;C:\Users\VyacheslaV\.m2\repository\org\springframework\cloud\spring-cloud-starter-gateway\3.1.3\spring-cloud-starter-gateway-3.1.3.jar;C:\Users\VyacheslaV\.m2\repository\org\springframework\cloud\spring-cloud-starter\3.1.3\spring-cloud-starter-3.1.3.jar;C:\Users\VyacheslaV\.m2\repository\org\springframework\cloud\spring-cloud-context\3.1.3\spring-cloud-context-3.1.3.jar;C:\Users\VyacheslaV\.m2\repository\org\springframework\cloud\spring-cloud-commons\3.1.3\spring-cloud-commons-3.1.3.jar;C:\Users\VyacheslaV\.m2\repository\org\springframework\security\spring-security-rsa\1.0.10.RELEASE\spring-security-rsa-1.0.10.RELEASE.jar;C:\Users\VyacheslaV\.m2\repository\org\bouncycastle\bcpkix-jdk15on\1.68\bcpkix-jdk15on-1.68.jar;C:\Users\VyacheslaV\.m2\repository\org\bouncycastle\bcprov-jdk15on\1.68\bcprov-jdk15on-1.68.jar;C:\Users\VyacheslaV\.m2\repository\org\springframework\cloud\spring-cloud-gateway-server\3.1.3\spring-cloud-gateway-server-3.1.3.jar;C:\Users\VyacheslaV\.m2\repository\org\springframework\boot\spring-boot-starter-validation\2.7.1\spring-boot-starter-validation-2.7.1.jar;C:\Users\VyacheslaV\.m2\repository\org\apache\tomcat\embed\tomcat-embed-el\9.0.64\tomcat-embed-el-9.0.64.jar;C:\Users\VyacheslaV\.m2\repository\org\hibernate\validator\hibernate-validator\6.2.3.Final\hibernate-validator-6.2.3.Final.jar;C:\Users\VyacheslaV\.m2\repository\jakarta\validation\jakarta.validation-api\2.0.2\jakarta.validation-api-2.0.2.jar;C:\Users\VyacheslaV\.m2\repository\org\jboss\logging\jboss-logging\3.4.3.Final\jboss-logging-3.4.3.Final.jar;C:\Users\VyacheslaV\.m2\repository\com\fasterxml\classmate\1.5.1\classmate-1.5.1.jar;C:\Users\VyacheslaV\.m2\repository\io\projectreactor\addons\reactor-extra\3.4.8\reactor-extra-3.4.8.jar;C:\Users\VyacheslaV\.m2\repository\io\projectreactor\reactor-core\3.4.19\reactor-core-3.4.19.jar;C:\Users\VyacheslaV\.m2\repository\org\reactivestreams\reactive-streams\1.0.4\reactive-streams-1.0.4.jar;C:\Users\VyacheslaV\.m2\repository\org\springframework\boot\spring-boot-starter-webflux\2.7.1\spring-boot-starter-webflux-2.7.1.jar;C:\Users\VyacheslaV\.m2\repository\org\springframework\boot\spring-boot-starter-json\2.7.1\spring-boot-starter-json-2.7.1.jar;C:\Users\VyacheslaV\.m2\repository\com\fasterxml\jackson\core\jackson-databind\2.13.3\jackson-databind-2.13.3.jar;C:\Users\VyacheslaV\.m2\repository\com\fasterxml\jackson\core\jackson-annotations\2.13.3\jackson-annotations-2.13.3.jar;C:\Users\VyacheslaV\.m2\repository\com\fasterxml\jackson\core\jackson-core\2.13.3\jackson-core-2.13.3.jar;C:\Users\VyacheslaV\.m2\repository\com\fasterxml\jackson\datatype\jackson-datatype-jdk8\2.13.3\jackson-datatype-jdk8-2.13.3.jar;C:\Users\VyacheslaV\.m2\repository\com\fasterxml\jackson\datatype\jackson-datatype-jsr310\2.13.3\jackson-datatype-jsr310-2.13.3.jar;C:\Users\VyacheslaV\.m2\repository\com\fasterxml\jackson\module\jackson-module-parameter-names\2.13.3\jackson-module-parameter-names-2.13.3.jar;C:\Users\VyacheslaV\.m2\repository\org\springframework\boot\spring-boot-starter-reactor-netty\2.7.1\spring-boot-starter-reactor-netty-2.7.1.jar;C:\Users\VyacheslaV\.m2\repository\io\projectreactor\netty\reactor-netty-http\1.0.20\reactor-netty-http-1.0.20.jar;C:\Users\VyacheslaV\.m2\repository\io\netty\netty-codec-http\4.1.78.Final\netty-codec-http-4.1.78.Final.jar;C:\Users\VyacheslaV\.m2\repository\io\netty\netty-common\4.1.78.Final\netty-common-4.1.78.Final.jar;C:\Users\VyacheslaV\.m2\repository\io\netty\netty-buffer\4.1.78.Final\netty-buffer-4.1.78.Final.jar;C:\Users\VyacheslaV\.m2\repository\io\netty\netty-transport\4.1.78.Final\netty-transport-4.1.78.Final.jar;C:\Users\VyacheslaV\.m2\repository\io\netty\netty-codec\4.1.78.Final\netty-codec-4.1.78.Final.jar;C:\Users\VyacheslaV\.m2\repository\io\netty\netty-handler\4.1.78.Final\netty-handler-4.1.78.Final.jar;C:\Users\VyacheslaV\.m2\repository\io\netty\netty-codec-http2\4.1.78.Final\netty-codec-http2-4.1.78.Final.jar;C:\Users\VyacheslaV\.m2\repository\io\netty\netty-resolver-dns\4.1.78.Final\netty-resolver-dns-4.1.78.Final.jar;C:\Users\VyacheslaV\.m2\repository\io\netty\netty-resolver\4.1.78.Final\netty-resolver-4.1.78.Final.jar;C:\Users\VyacheslaV\.m2\repository\io\netty\netty-codec-dns\4.1.78.Final\netty-codec-dns-4.1.78.Final.jar;C:\Users\VyacheslaV\.m2\repository\io\netty\netty-resolver-dns-native-macos\4.1.78.Final\netty-resolver-dns-native-macos-4.1.78.Final-osx-x86_64.jar;C:\Users\VyacheslaV\.m2\repository\io\netty\netty-resolver-dns-classes-macos\4.1.78.Final\netty-resolver-dns-classes-macos-4.1.78.Final.jar;C:\Users\VyacheslaV\.m2\repository\io\netty\netty-transport-native-epoll\4.1.78.Final\netty-transport-native-epoll-4.1.78.Final-linux-x86_64.jar;C:\Users\VyacheslaV\.m2\repository\io\netty\netty-transport-native-unix-common\4.1.78.Final\netty-transport-native-unix-common-4.1.78.Final.jar;C:\Users\VyacheslaV\.m2\repository\io\netty\netty-transport-classes-epoll\4.1.78.Final\netty-transport-classes-epoll-4.1.78.Final.jar;C:\Users\VyacheslaV\.m2\repository\io\projectreactor\netty\reactor-netty-core\1.0.20\reactor-netty-core-1.0.20.jar;C:\Users\VyacheslaV\.m2\repository\io\netty\netty-handler-proxy\4.1.78.Final\netty-handler-proxy-4.1.78.Final.jar;C:\Users\VyacheslaV\.m2\repository\io\netty\netty-codec-socks\4.1.78.Final\netty-codec-socks-4.1.78.Final.jar;C:\Users\VyacheslaV\.m2\repository\org\springframework\spring-web\5.3.21\spring-web-5.3.21.jar;C:\Users\VyacheslaV\.m2\repository\org\springframework\spring-webflux\5.3.21\spring-webflux-5.3.21.jar;C:\Users\VyacheslaV\.m2\repository\org\springframework\boot\spring-boot-starter-oauth2-client\2.7.1\spring-boot-starter-oauth2-client-2.7.1.jar;C:\Users\VyacheslaV\.m2\repository\org\springframework\boot\spring-boot-starter\2.7.1\spring-boot-starter-2.7.1.jar;C:\Users\VyacheslaV\.m2\repository\org\springframework\boot\spring-boot\2.7.1\spring-boot-2.7.1.jar;C:\Users\VyacheslaV\.m2\repository\org\springframework\boot\spring-boot-autoconfigure\2.7.1\spring-boot-autoconfigure-2.7.1.jar;C:\Users\VyacheslaV\.m2\repository\org\springframework\boot\spring-boot-starter-logging\2.7.1\spring-boot-starter-logging-2.7.1.jar;C:\Users\VyacheslaV\.m2\repository\ch\qos\logback\logback-classic\1.2.11\logback-classic-1.2.11.jar;C:\Users\VyacheslaV\.m2\repository\ch\qos\logback\logback-core\1.2.11\logback-core-1.2.11.jar;C:\Users\VyacheslaV\.m2\repository\org\apache\logging\log4j\log4j-to-slf4j\2.17.2\log4j-to-slf4j-2.17.2.jar;C:\Users\VyacheslaV\.m2\repository\org\apache\logging\log4j\log4j-api\2.17.2\log4j-api-2.17.2.jar;C:\Users\VyacheslaV\.m2\repository\org\slf4j\jul-to-slf4j\1.7.36\jul-to-slf4j-1.7.36.jar;C:\Users\VyacheslaV\.m2\repository\jakarta\annotation\jakarta.annotation-api\1.3.5\jakarta.annotation-api-1.3.5.jar;C:\Users\VyacheslaV\.m2\repository\org\yaml\snakeyaml\1.30\snakeyaml-1.30.jar;C:\Users\VyacheslaV\.m2\repository\org\springframework\security\spring-security-config\5.7.2\spring-security-config-5.7.2.jar;C:\Users\VyacheslaV\.m2\repository\org\springframework\spring-aop\5.3.21\spring-aop-5.3.21.jar;C:\Users\VyacheslaV\.m2\repository\org\springframework\spring-beans\5.3.21\spring-beans-5.3.21.jar;C:\Users\VyacheslaV\.m2\repository\org\springframework\spring-context\5.3.21\spring-context-5.3.21.jar;C:\Users\VyacheslaV\.m2\repository\org\springframework\security\spring-security-core\5.7.2\spring-security-core-5.7.2.jar;C:\Users\VyacheslaV\.m2\repository\org\springframework\security\spring-security-crypto\5.7.2\spring-security-crypto-5.7.2.jar;C:\Users\VyacheslaV\.m2\repository\org\springframework\spring-expression\5.3.21\spring-expression-5.3.21.jar;C:\Users\VyacheslaV\.m2\repository\org\springframework\security\spring-security-oauth2-client\5.7.2\spring-security-oauth2-client-5.7.2.jar;C:\Users\VyacheslaV\.m2\repository\org\springframework\security\spring-security-oauth2-core\5.7.2\spring-security-oauth2-core-5.7.2.jar;C:\Users\VyacheslaV\.m2\repository\org\springframework\security\spring-security-web\5.7.2\spring-security-web-5.7.2.jar;C:\Users\VyacheslaV\.m2\repository\com\nimbusds\oauth2-oidc-sdk\9.35\oauth2-oidc-sdk-9.35.jar;C:\Users\VyacheslaV\.m2\repository\com\github\stephenc\jcip\jcip-annotations\1.0-1\jcip-annotations-1.0-1.jar;C:\Users\VyacheslaV\.m2\repository\com\nimbusds\content-type\2.2\content-type-2.2.jar;C:\Users\VyacheslaV\.m2\repository\com\nimbusds\lang-tag\1.6\lang-tag-1.6.jar;C:\Users\VyacheslaV\.m2\repository\org\springframework\security\spring-security-oauth2-jose\5.7.2\spring-security-oauth2-jose-5.7.2.jar;C:\Users\VyacheslaV\.m2\repository\com\nimbusds\nimbus-jose-jwt\9.22\nimbus-jose-jwt-9.22.jar;C:\Users\VyacheslaV\.m2\repository\net\minidev\json-smart\2.4.8\json-smart-2.4.8.jar;C:\Users\VyacheslaV\.m2\repository\net\minidev\accessors-smart\2.4.8\accessors-smart-2.4.8.jar;C:\Users\VyacheslaV\.m2\repository\org\ow2\asm\asm\9.1\asm-9.1.jar;C:\Users\VyacheslaV\.m2\repository\org\slf4j\slf4j-api\1.7.36\slf4j-api-1.7.36.jar;C:\Users\VyacheslaV\.m2\repository\org\springframework\spring-core\5.3.21\spring-core-5.3.21.jar;C:\Users\VyacheslaV\.m2\repository\org\springframework\spring-jcl\5.3.21\spring-jcl-5.3.21.jar
Launcher Type: SUN_STANDARD

[Global flags]
     intx CICompilerCount                          = 3                                         {product} {ergonomic}
     uint ConcGCThreads                            = 1                                         {product} {ergonomic}
     uint G1ConcRefinementThreads                  = 4                                         {product} {ergonomic}
   size_t G1HeapRegionSize                         = 1048576                                   {product} {ergonomic}
    uintx GCDrainStackTargetSize                   = 64                                        {product} {ergonomic}
   size_t InitialHeapSize                          = 100663296                                 {product} {ergonomic}
     bool ManagementServer                         = true                                      {product} {command line}
   size_t MarkStackSize                            = 4194304                                   {product} {ergonomic}
   size_t MaxHeapSize                              = 1595932672                                {product} {ergonomic}
   size_t MinHeapDeltaBytes                        = 1048576                                   {product} {ergonomic}
   size_t MinHeapSize                              = 8388608                                   {product} {ergonomic}
    uintx NonProfiledCodeHeapSize                  = 0                                      {pd product} {ergonomic}
     bool ProfileInterpreter                       = false                                  {pd product} {command line}
    uintx ProfiledCodeHeapSize                     = 0                                      {pd product} {ergonomic}
   size_t SoftMaxHeapSize                          = 1595932672                             {manageable} {ergonomic}
     intx TieredStopAtLevel                        = 1                                         {product} {command line}
     bool UseCompressedClassPointers               = true                           {product lp64_product} {ergonomic}
     bool UseCompressedOops                        = true                           {product lp64_product} {ergonomic}
     bool UseG1GC                                  = true                                      {product} {ergonomic}
     bool UseLargePagesIndividualAllocation        = false                                  {pd product} {ergonomic}

Logging:
Log output configuration:
 #0: stdout all=warning uptime,level,tags foldmultilines=false
 #1: stderr all=off uptime,level,tags foldmultilines=false

Environment Variables:
JAVA_HOME=C:\Program Files\Java\jdk-18.0.2.1
PATH=C:\Program Files (x86)\NVIDIA Corporation\PhysX\Common;C:\Program Files\Common Files\Oracle\Java\javapath;C:\WINDOWS\system32;C:\WINDOWS;C:\WINDOWS\System32\Wbem;C:\WINDOWS\System32\WindowsPowerShell\v1.0\;C:\WINDOWS\System32\OpenSSH\;C:\Program Files\nodejs\;C:\Program Files (x86)\ZeroTier\One\;C:\Program Files\Git\cmd;C:\Program Files\Docker\Docker\resources\bin;C:\Users\VyacheslaV\AppData\Local\Programs\Python\Python310\Scripts\;C:\Users\VyacheslaV\AppData\Local\Programs\Python\Python310\;C:\Users\VyacheslaV\AppData\Local\Microsoft\WindowsApps;C:\Program Files\JetBrains\IntelliJ IDEA Community Edition 2022.3.3\bin;;C:\Users\VyacheslaV\AppData\Roaming\npm;C:\Users\VyacheslaV\AppData\Local\GitHubDesktop\bin
USERNAME=VyacheslaV
OS=Windows_NT
PROCESSOR_IDENTIFIER=AMD64 Family 23 Model 24 Stepping 1, AuthenticAMD
TMP=C:\Users\VYACHE~1\AppData\Local\Temp
TEMP=C:\Users\VYACHE~1\AppData\Local\Temp



---------------  S Y S T E M  ---------------

OS:
 Windows 10 , 64 bit Build 19041 (10.0.19041.2913)
OS uptime: 0 days 0:28 hours
Hyper-V role detected

CPU: total 4 (initial active 4) (4 cores per cpu, 2 threads per core) family 23 model 24 stepping 1 microcode 0x0, cx8, cmov, fxsr, ht, mmx, 3dnowpref, sse, sse2, sse3, ssse3, sse4a, sse4.1, sse4.2, popcnt, lzcnt, tsc, tscinvbit, avx, avx2, aes, clmul, bmi1, bmi2, adx, sha, fma, vzeroupper, clflush, clflushopt, hv, rdtscp

Memory: 4k page, system-wide physical 6082M (396M free)
TotalPageFile size 11059M (AvailPageFile size 54M)
current process WorkingSet (physical memory assigned to process): 10M, peak: 10M
current process commit charge ("private bytes"): 47M, peak: 142M

vm_info: OpenJDK 64-Bit Server VM (19.0.2+7-44) for windows-amd64 JRE (19.0.2+7-44), built on 2022-11-30T18:02:09Z by "mach5one" with MS VC++ 17.1 (VS2022)

END.
