#
# There is insufficient memory for the Java Runtime Environment to continue.
# Native memory allocation (mmap) failed to map 65536 bytes for Failed to commit metaspace.
# Possible reasons:
#   The system is out of physical RAM or swap space
#   The process is running with CompressedOops enabled, and the Java Heap may be blocking the growth of the native heap
# Possible solutions:
#   Reduce memory load on the system
#   Increase physical memory or swap space
#   Check if swap backing store is full
#   Decrease Java heap size (-Xmx/-Xms)
#   Decrease number of Java threads
#   Decrease Java thread stack sizes (-Xss)
#   Set larger code cache with -XX:ReservedCodeCacheSize=
#   JVM is running with Unscaled Compressed Oops mode in which the Java heap is
#     placed in the first 4GB address space. The Java Heap base address is the
#     maximum limit for the native heap growth. Please use -XX:HeapBaseMinAddress
#     to set the Java Heap base and to place the Java Heap above 4GB virtual address.
# This output file may be truncated or incomplete.
#
#  Out of Memory Error (virtualSpaceNode.cpp:110), pid=5232, tid=6776
#
# JRE version: OpenJDK Runtime Environment (19.0.2+7) (build 19.0.2+7-44)
# Java VM: OpenJDK 64-Bit Server VM (19.0.2+7-44, mixed mode, emulated-client, sharing, tiered, compressed oops, compressed class ptrs, g1 gc, windows-amd64)
# No core dump will be written. Minidumps are not enabled by default on client versions of Windows
#

---------------  S U M M A R Y ------------

Command Line: -XX:TieredStopAtLevel=1 -Dspring.output.ansi.enabled=always -Dcom.sun.management.jmxremote -Dspring.jmx.enabled=true -Dspring.liveBeansView.mbeanDomain -Dspring.application.admin.enabled=true -javaagent:C:\Program Files\JetBrains\IntelliJ IDEA 2022.2\lib\idea_rt.jar=60364:C:\Program Files\JetBrains\IntelliJ IDEA 2022.2\bin -Dfile.encoding=UTF-8 com.itm.space.backend.client.BackendGatewayClientApplication

Host: AMD Ryzen 3 3200U with Radeon Vega Mobile Gfx  , 4 cores, 5G,  Windows 10 , 64 bit Build 19041 (10.0.19041.2913)
Time: Wed May 24 15:59:33 2023 RTZ 2 (s 10 , 64 bit Build 19041 (10.0.19041.2913) elapsed time: 3.649895 seconds (0d 0h 0m 3s)

---------------  T H R E A D  ---------------

Current thread (0x000001efff8aa2c0):  JavaThread "Attach Listener" daemon [_thread_in_vm, id=6776, stack(0x0000001bc1c00000,0x0000001bc1d00000)]

Stack: [0x0000001bc1c00000,0x0000001bc1d00000]
Native frames: (J=compiled Java code, j=interpreted, Vv=VM code, C=native code)
V  [jvm.dll+0x6ee21a]
V  [jvm.dll+0x85765e]
V  [jvm.dll+0x85904e]
V  [jvm.dll+0x859703]
V  [jvm.dll+0x28298f]
V  [jvm.dll+0x8532db]
V  [jvm.dll+0x692cb6]
V  [jvm.dll+0x692d1a]
V  [jvm.dll+0x695613]
V  [jvm.dll+0x6954de]
V  [jvm.dll+0x6936de]
V  [jvm.dll+0x26e12f]
V  [jvm.dll+0x69dcc5]
V  [jvm.dll+0x21e072]
V  [jvm.dll+0x21e5a5]
V  [jvm.dll+0x21ef01]
V  [jvm.dll+0x2146a1]
V  [jvm.dll+0x5a9cb6]
V  [jvm.dll+0x2257aa]
V  [jvm.dll+0x7cc802]
V  [jvm.dll+0x7cdc4a]
V  [jvm.dll+0x7cdf78]
V  [jvm.dll+0x271e1b]
V  [jvm.dll+0x69f50b]
V  [jvm.dll+0x3db136]
C  0x000001effbd0d328

Java frames: (J=compiled Java code, j=interpreted, Vv=VM code)
j  java.util.ServiceLoader$LazyClassPathLookupIterator.hasNextService()Z+15 java.base@19.0.2
j  java.util.ServiceLoader$LazyClassPathLookupIterator.hasNext()Z+11 java.base@19.0.2
j  java.util.ServiceLoader$2.hasNext()Z+16 java.base@19.0.2
j  java.util.ServiceLoader$3.hasNext()Z+32 java.base@19.0.2
j  java.time.zone.ZoneRulesProvider.<clinit>()V+55 java.base@19.0.2
v  ~StubRoutines::call_stub 0x000001effbcf100e
j  java.time.ZoneRegion.ofId(Ljava/lang/String;Z)Ljava/time/ZoneRegion;+15 java.base@19.0.2
j  java.time.ZoneId.of(Ljava/lang/String;Z)Ljava/time/ZoneId;+81 java.base@19.0.2
j  java.time.ZoneId.of(Ljava/lang/String;)Ljava/time/ZoneId;+2 java.base@19.0.2
j  java.time.ZoneId.of(Ljava/lang/String;Ljava/util/Map;)Ljava/time/ZoneId;+33 java.base@19.0.2
j  java.util.TimeZone.toZoneId0()Ljava/time/ZoneId;+97 java.base@19.0.2
j  java.util.TimeZone.toZoneId()Ljava/time/ZoneId;+11 java.base@19.0.2
j  java.util.TimeZone.toZoneId0()Ljava/time/ZoneId;+30 java.base@19.0.2
j  java.util.TimeZone.toZoneId()Ljava/time/ZoneId;+11 java.base@19.0.2
j  sun.util.cldr.CLDRTimeZoneNameProviderImpl.getDisplayNameArray(Ljava/lang/String;Ljava/util/Locale;)[Ljava/lang/String;+153 java.base@19.0.2
j  sun.util.locale.provider.TimeZoneNameProviderImpl.getDisplayName(Ljava/lang/String;ZILjava/util/Locale;)Ljava/lang/String;+4 java.base@19.0.2
j  sun.util.locale.provider.TimeZoneNameUtility$TimeZoneNameGetter.getName(Ljava/util/spi/TimeZoneNameProvider;Ljava/util/Locale;Ljava/lang/String;ILjava/lang/String;)Ljava/lang/String;+126 java.base@19.0.2
j  sun.util.locale.provider.TimeZoneNameUtility$TimeZoneNameGetter.getObject(Ljava/util/spi/TimeZoneNameProvider;Ljava/util/Locale;Ljava/lang/String;[Ljava/lang/Object;)Ljava/lang/String;+49 java.base@19.0.2
j  sun.util.locale.provider.TimeZoneNameUtility$TimeZoneNameGetter.getObject(Ljava/util/spi/LocaleServiceProvider;Ljava/util/Locale;Ljava/lang/String;[Ljava/lang/Object;)Ljava/lang/Object;+9 java.base@19.0.2
j  sun.util.locale.provider.LocaleServiceProviderPool.getLocalizedObjectImpl(Lsun/util/locale/provider/LocaleServiceProviderPool$LocalizedObjectGetter;Ljava/util/Locale;ZLjava/lang/String;[Ljava/lang/Object;)Ljava/lang/Object;+93 java.base@19.0.2
j  sun.util.locale.provider.LocaleServiceProviderPool.getLocalizedObject(Lsun/util/locale/provider/LocaleServiceProviderPool$LocalizedObjectGetter;Ljava/util/Locale;Ljava/lang/String;[Ljava/lang/Object;)Ljava/lang/Object;+7 java.base@19.0.2
j  sun.util.locale.provider.TimeZoneNameUtility.retrieveDisplayNamesImpl(Ljava/lang/String;Ljava/util/Locale;)[Ljava/lang/String;+140 java.base@19.0.2
j  sun.util.locale.provider.TimeZoneNameUtility.retrieveDisplayName(Ljava/lang/String;ZILjava/util/Locale;)Ljava/lang/String;+2 java.base@19.0.2
j  java.util.TimeZone.getDisplayName(ZILjava/util/Locale;)Ljava/lang/String;+47 java.base@19.0.2
j  java.util.Date.toString()Ljava/lang/String;+150 java.base@19.0.2
j  java.lang.String.valueOf(Ljava/lang/Object;)Ljava/lang/String;+11 java.base@19.0.2
j  java.lang.StringBuilder.append(Ljava/lang/Object;)Ljava/lang/StringBuilder;+2 java.base@19.0.2
j  java.util.Properties.writeDateComment(Ljava/io/BufferedWriter;)V+43 java.base@19.0.2
j  java.util.Properties.store0(Ljava/io/BufferedWriter;Ljava/lang/String;Z)V+10 java.base@19.0.2
j  java.util.Properties.store(Ljava/io/OutputStream;Ljava/lang/String;)V+21 java.base@19.0.2
j  jdk.internal.vm.VMSupport.serializePropertiesToByteArray(Ljava/util/Properties;)[B+77 java.base@19.0.2
j  jdk.internal.vm.VMSupport.serializeAgentPropertiesToByteArray()[B+3 java.base@19.0.2
v  ~StubRoutines::call_stub 0x000001effbcf100e

---------------  P R O C E S S  ---------------

Threads class SMR info:
_java_thread_list=0x000001ef910adfd0, length=10, elements={
0x000001effbc2d3c0, 0x000001efff8a6230, 0x000001efff8a7020, 0x000001efff8a9110,
0x000001efff8aa2c0, 0x000001efff8b0650, 0x000001efff8b1720, 0x000001efff8b7d00,
0x000001efff8c1d80, 0x000001ef9105a580
}

Java Threads: ( => current thread )
  0x000001effbc2d3c0 JavaThread "main" [_thread_in_native, id=1260, stack(0x0000001bc1200000,0x0000001bc1300000)]
  0x000001efff8a6230 JavaThread "Reference Handler" daemon [_thread_blocked, id=1432, stack(0x0000001bc1900000,0x0000001bc1a00000)]
  0x000001efff8a7020 JavaThread "Finalizer" daemon [_thread_blocked, id=12656, stack(0x0000001bc1a00000,0x0000001bc1b00000)]
  0x000001efff8a9110 JavaThread "Signal Dispatcher" daemon [_thread_blocked, id=9544, stack(0x0000001bc1b00000,0x0000001bc1c00000)]
=>0x000001efff8aa2c0 JavaThread "Attach Listener" daemon [_thread_in_vm, id=6776, stack(0x0000001bc1c00000,0x0000001bc1d00000)]
  0x000001efff8b0650 JavaThread "Service Thread" daemon [_thread_blocked, id=7908, stack(0x0000001bc1d00000,0x0000001bc1e00000)]
  0x000001efff8b1720 JavaThread "Monitor Deflation Thread" daemon [_thread_blocked, id=4572, stack(0x0000001bc1e00000,0x0000001bc1f00000)]
  0x000001efff8b7d00 JavaThread "C1 CompilerThread0" daemon [_thread_blocked, id=10664, stack(0x0000001bc1f00000,0x0000001bc2000000)]
  0x000001efff8c1d80 JavaThread "Sweeper thread" daemon [_thread_blocked, id=8620, stack(0x0000001bc2000000,0x0000001bc2100000)]
  0x000001ef9105a580 JavaThread "Common-Cleaner" daemon [_thread_blocked, id=4752, stack(0x0000001bc2100000,0x0000001bc2200000)]

Other Threads:
  0x000001efff8905e0 VMThread "VM Thread" [stack: 0x0000001bc1800000,0x0000001bc1900000] [id=8844]
  0x000001effbc7c1e0 WorkerThread "GC Thread#0" [stack: 0x0000001bc1300000,0x0000001bc1400000] [id=12244]
  0x000001effbc89120 ConcurrentGCThread "G1 Main Marker" [stack: 0x0000001bc1400000,0x0000001bc1500000] [id=3060]
  0x000001effbc8a2f0 WorkerThread "G1 Conc#0" [stack: 0x0000001bc1500000,0x0000001bc1600000] [id=10852]
  0x000001efff750090 ConcurrentGCThread "G1 Refine#0" [stack: 0x0000001bc1600000,0x0000001bc1700000] [id=11332]
  0x000001efff750bd0 ConcurrentGCThread "G1 Service" [stack: 0x0000001bc1700000,0x0000001bc1800000] [id=2860]

Threads with active compile tasks:

VM state: not at safepoint (normal execution)

VM Mutex/Monitor currently owned by a thread:  ([mutex/lock_event])
[0x000001effbc26710] Metaspace_lock - owner thread: 0x000001efff8aa2c0

OutOfMemory and StackOverflow Exception counts:
OutOfMemoryError java_heap_errors=1

Heap address: 0x00000000a0e00000, size: 1522 MB, Compressed Oops mode: 32-bit

CDS archive(s) mapped at: [0x0000000800000000-0x0000000800c40000-0x0000000800c40000), size 12845056, SharedBaseAddress: 0x0000000800000000, ArchiveRelocationMode: 0.
Compressed class space mapped at: 0x0000000801000000-0x0000000841000000, reserved size: 1073741824
Narrow klass base: 0x0000000800000000, Narrow klass shift: 0, Narrow klass range: 0x100000000

GC Precious Log:
 CardTable entry size: 512
 Card Set container configuration: InlinePtr #cards 5 size 8 Array Of Cards #cards 12 size 40 Howl #buckets 4 coarsen threshold 1843 Howl Bitmap #cards 512 size 80 coarsen threshold 460 Card regions per heap region 1 cards per card region 2048
 CPUs: 4 total, 4 available
 Memory: 6082M
 Large Page Support: Disabled
 NUMA Support: Disabled
 Compressed Oops: Enabled (32-bit)
 Heap Region Size: 1M
 Heap Min Capacity: 8M
 Heap Initial Capacity: 96M
 Heap Max Capacity: 1522M
 Pre-touch: Disabled
 Parallel Workers: 4
 Concurrent Workers: 1
 Concurrent Refinement Workers: 4
 Periodic GC: Disabled

Heap:
 garbage-first heap   total 98304K, used 7168K [0x00000000a0e00000, 0x0000000100000000)
  region size 1024K, 8 young (8192K), 0 survivors (0K)
 Metaspace       used 426K, committed 576K, reserved 1114112K
  class space    used 35K, committed 128K, reserved 1048576K

Heap Regions: E=young(eden), S=young(survivor), O=old, HS=humongous(starts), HC=humongous(continues), CS=collection set, F=free, OA=open archive, CA=closed archive, TAMS=top-at-mark-start (previous, next)
|   0|0x00000000a0e00000, 0x00000000a0f00000, 0x00000000a0f00000|100%|HS|  |TAMS 0x00000000a0e00000, 0x00000000a0e00000| Complete 
|   1|0x00000000a0f00000, 0x00000000a0f00000, 0x00000000a1000000|  0%| F|  |TAMS 0x00000000a0f00000, 0x00000000a0f00000| Untracked 
|   2|0x00000000a1000000, 0x00000000a1000000, 0x00000000a1100000|  0%| F|  |TAMS 0x00000000a1000000, 0x00000000a1000000| Untracked 
|   3|0x00000000a1100000, 0x00000000a1100000, 0x00000000a1200000|  0%| F|  |TAMS 0x00000000a1100000, 0x00000000a1100000| Untracked 
|   4|0x00000000a1200000, 0x00000000a1200000, 0x00000000a1300000|  0%| F|  |TAMS 0x00000000a1200000, 0x00000000a1200000| Untracked 
|   5|0x00000000a1300000, 0x00000000a1300000, 0x00000000a1400000|  0%| F|  |TAMS 0x00000000a1300000, 0x00000000a1300000| Untracked 
|   6|0x00000000a1400000, 0x00000000a1400000, 0x00000000a1500000|  0%| F|  |TAMS 0x00000000a1400000, 0x00000000a1400000| Untracked 
|   7|0x00000000a1500000, 0x00000000a1500000, 0x00000000a1600000|  0%| F|  |TAMS 0x00000000a1500000, 0x00000000a1500000| Untracked 
|   8|0x00000000a1600000, 0x00000000a1600000, 0x00000000a1700000|  0%| F|  |TAMS 0x00000000a1600000, 0x00000000a1600000| Untracked 
|   9|0x00000000a1700000, 0x00000000a1700000, 0x00000000a1800000|  0%| F|  |TAMS 0x00000000a1700000, 0x00000000a1700000| Untracked 
|  10|0x00000000a1800000, 0x00000000a1800000, 0x00000000a1900000|  0%| F|  |TAMS 0x00000000a1800000, 0x00000000a1800000| Untracked 
|  11|0x00000000a1900000, 0x00000000a1900000, 0x00000000a1a00000|  0%| F|  |TAMS 0x00000000a1900000, 0x00000000a1900000| Untracked 
|  12|0x00000000a1a00000, 0x00000000a1a00000, 0x00000000a1b00000|  0%| F|  |TAMS 0x00000000a1a00000, 0x00000000a1a00000| Untracked 
|  13|0x00000000a1b00000, 0x00000000a1b00000, 0x00000000a1c00000|  0%| F|  |TAMS 0x00000000a1b00000, 0x00000000a1b00000| Untracked 
|  14|0x00000000a1c00000, 0x00000000a1c00000, 0x00000000a1d00000|  0%| F|  |TAMS 0x00000000a1c00000, 0x00000000a1c00000| Untracked 
|  15|0x00000000a1d00000, 0x00000000a1d00000, 0x00000000a1e00000|  0%| F|  |TAMS 0x00000000a1d00000, 0x00000000a1d00000| Untracked 
|  16|0x00000000a1e00000, 0x00000000a1e00000, 0x00000000a1f00000|  0%| F|  |TAMS 0x00000000a1e00000, 0x00000000a1e00000| Untracked 
|  17|0x00000000a1f00000, 0x00000000a1f00000, 0x00000000a2000000|  0%| F|  |TAMS 0x00000000a1f00000, 0x00000000a1f00000| Untracked 
|  18|0x00000000a2000000, 0x00000000a2000000, 0x00000000a2100000|  0%| F|  |TAMS 0x00000000a2000000, 0x00000000a2000000| Untracked 
|  19|0x00000000a2100000, 0x00000000a2100000, 0x00000000a2200000|  0%| F|  |TAMS 0x00000000a2100000, 0x00000000a2100000| Untracked 
|  20|0x00000000a2200000, 0x00000000a2200000, 0x00000000a2300000|  0%| F|  |TAMS 0x00000000a2200000, 0x00000000a2200000| Untracked 
|  21|0x00000000a2300000, 0x00000000a2300000, 0x00000000a2400000|  0%| F|  |TAMS 0x00000000a2300000, 0x00000000a2300000| Untracked 
|  22|0x00000000a2400000, 0x00000000a2400000, 0x00000000a2500000|  0%| F|  |TAMS 0x00000000a2400000, 0x00000000a2400000| Untracked 
|  23|0x00000000a2500000, 0x00000000a2500000, 0x00000000a2600000|  0%| F|  |TAMS 0x00000000a2500000, 0x00000000a2500000| Untracked 
|  24|0x00000000a2600000, 0x00000000a2600000, 0x00000000a2700000|  0%| F|  |TAMS 0x00000000a2600000, 0x00000000a2600000| Untracked 
|  25|0x00000000a2700000, 0x00000000a2700000, 0x00000000a2800000|  0%| F|  |TAMS 0x00000000a2700000, 0x00000000a2700000| Untracked 
|  26|0x00000000a2800000, 0x00000000a2800000, 0x00000000a2900000|  0%| F|  |TAMS 0x00000000a2800000, 0x00000000a2800000| Untracked 
|  27|0x00000000a2900000, 0x00000000a2900000, 0x00000000a2a00000|  0%| F|  |TAMS 0x00000000a2900000, 0x00000000a2900000| Untracked 
|  28|0x00000000a2a00000, 0x00000000a2a00000, 0x00000000a2b00000|  0%| F|  |TAMS 0x00000000a2a00000, 0x00000000a2a00000| Untracked 
|  29|0x00000000a2b00000, 0x00000000a2b00000, 0x00000000a2c00000|  0%| F|  |TAMS 0x00000000a2b00000, 0x00000000a2b00000| Untracked 
|  30|0x00000000a2c00000, 0x00000000a2c00000, 0x00000000a2d00000|  0%| F|  |TAMS 0x00000000a2c00000, 0x00000000a2c00000| Untracked 
|  31|0x00000000a2d00000, 0x00000000a2d00000, 0x00000000a2e00000|  0%| F|  |TAMS 0x00000000a2d00000, 0x00000000a2d00000| Untracked 
|  32|0x00000000a2e00000, 0x00000000a2e00000, 0x00000000a2f00000|  0%| F|  |TAMS 0x00000000a2e00000, 0x00000000a2e00000| Untracked 
|  33|0x00000000a2f00000, 0x00000000a2f00000, 0x00000000a3000000|  0%| F|  |TAMS 0x00000000a2f00000, 0x00000000a2f00000| Untracked 
|  34|0x00000000a3000000, 0x00000000a3000000, 0x00000000a3100000|  0%| F|  |TAMS 0x00000000a3000000, 0x00000000a3000000| Untracked 
|  35|0x00000000a3100000, 0x00000000a3100000, 0x00000000a3200000|  0%| F|  |TAMS 0x00000000a3100000, 0x00000000a3100000| Untracked 
|  36|0x00000000a3200000, 0x00000000a3200000, 0x00000000a3300000|  0%| F|  |TAMS 0x00000000a3200000, 0x00000000a3200000| Untracked 
|  37|0x00000000a3300000, 0x00000000a3300000, 0x00000000a3400000|  0%| F|  |TAMS 0x00000000a3300000, 0x00000000a3300000| Untracked 
|  38|0x00000000a3400000, 0x00000000a3400000, 0x00000000a3500000|  0%| F|  |TAMS 0x00000000a3400000, 0x00000000a3400000| Untracked 
|  39|0x00000000a3500000, 0x00000000a3500000, 0x00000000a3600000|  0%| F|  |TAMS 0x00000000a3500000, 0x00000000a3500000| Untracked 
|  40|0x00000000a3600000, 0x00000000a3600000, 0x00000000a3700000|  0%| F|  |TAMS 0x00000000a3600000, 0x00000000a3600000| Untracked 
|  41|0x00000000a3700000, 0x00000000a3700000, 0x00000000a3800000|  0%| F|  |TAMS 0x00000000a3700000, 0x00000000a3700000| Untracked 
|  42|0x00000000a3800000, 0x00000000a3800000, 0x00000000a3900000|  0%| F|  |TAMS 0x00000000a3800000, 0x00000000a3800000| Untracked 
|  43|0x00000000a3900000, 0x00000000a3900000, 0x00000000a3a00000|  0%| F|  |TAMS 0x00000000a3900000, 0x00000000a3900000| Untracked 
|  44|0x00000000a3a00000, 0x00000000a3a00000, 0x00000000a3b00000|  0%| F|  |TAMS 0x00000000a3a00000, 0x00000000a3a00000| Untracked 
|  45|0x00000000a3b00000, 0x00000000a3b00000, 0x00000000a3c00000|  0%| F|  |TAMS 0x00000000a3b00000, 0x00000000a3b00000| Untracked 
|  46|0x00000000a3c00000, 0x00000000a3c00000, 0x00000000a3d00000|  0%| F|  |TAMS 0x00000000a3c00000, 0x00000000a3c00000| Untracked 
|  47|0x00000000a3d00000, 0x00000000a3d00000, 0x00000000a3e00000|  0%| F|  |TAMS 0x00000000a3d00000, 0x00000000a3d00000| Untracked 
|  48|0x00000000a3e00000, 0x00000000a3e00000, 0x00000000a3f00000|  0%| F|  |TAMS 0x00000000a3e00000, 0x00000000a3e00000| Untracked 
|  49|0x00000000a3f00000, 0x00000000a3f00000, 0x00000000a4000000|  0%| F|  |TAMS 0x00000000a3f00000, 0x00000000a3f00000| Untracked 
|  50|0x00000000a4000000, 0x00000000a4000000, 0x00000000a4100000|  0%| F|  |TAMS 0x00000000a4000000, 0x00000000a4000000| Untracked 
|  51|0x00000000a4100000, 0x00000000a4100000, 0x00000000a4200000|  0%| F|  |TAMS 0x00000000a4100000, 0x00000000a4100000| Untracked 
|  52|0x00000000a4200000, 0x00000000a4200000, 0x00000000a4300000|  0%| F|  |TAMS 0x00000000a4200000, 0x00000000a4200000| Untracked 
|  53|0x00000000a4300000, 0x00000000a4300000, 0x00000000a4400000|  0%| F|  |TAMS 0x00000000a4300000, 0x00000000a4300000| Untracked 
|  54|0x00000000a4400000, 0x00000000a4400000, 0x00000000a4500000|  0%| F|  |TAMS 0x00000000a4400000, 0x00000000a4400000| Untracked 
|  55|0x00000000a4500000, 0x00000000a4500000, 0x00000000a4600000|  0%| F|  |TAMS 0x00000000a4500000, 0x00000000a4500000| Untracked 
|  56|0x00000000a4600000, 0x00000000a4600000, 0x00000000a4700000|  0%| F|  |TAMS 0x00000000a4600000, 0x00000000a4600000| Untracked 
|  57|0x00000000a4700000, 0x00000000a4700000, 0x00000000a4800000|  0%| F|  |TAMS 0x00000000a4700000, 0x00000000a4700000| Untracked 
|  58|0x00000000a4800000, 0x00000000a4800000, 0x00000000a4900000|  0%| F|  |TAMS 0x00000000a4800000, 0x00000000a4800000| Untracked 
|  59|0x00000000a4900000, 0x00000000a4900000, 0x00000000a4a00000|  0%| F|  |TAMS 0x00000000a4900000, 0x00000000a4900000| Untracked 
|  60|0x00000000a4a00000, 0x00000000a4a00000, 0x00000000a4b00000|  0%| F|  |TAMS 0x00000000a4a00000, 0x00000000a4a00000| Untracked 
|  61|0x00000000a4b00000, 0x00000000a4b00000, 0x00000000a4c00000|  0%| F|  |TAMS 0x00000000a4b00000, 0x00000000a4b00000| Untracked 
|  62|0x00000000a4c00000, 0x00000000a4c00000, 0x00000000a4d00000|  0%| F|  |TAMS 0x00000000a4c00000, 0x00000000a4c00000| Untracked 
|  63|0x00000000a4d00000, 0x00000000a4d00000, 0x00000000a4e00000|  0%| F|  |TAMS 0x00000000a4d00000, 0x00000000a4d00000| Untracked 
|  64|0x00000000a4e00000, 0x00000000a4e00000, 0x00000000a4f00000|  0%| F|  |TAMS 0x00000000a4e00000, 0x00000000a4e00000| Untracked 
|  65|0x00000000a4f00000, 0x00000000a4f00000, 0x00000000a5000000|  0%| F|  |TAMS 0x00000000a4f00000, 0x00000000a4f00000| Untracked 
|  66|0x00000000a5000000, 0x00000000a5000000, 0x00000000a5100000|  0%| F|  |TAMS 0x00000000a5000000, 0x00000000a5000000| Untracked 
|  67|0x00000000a5100000, 0x00000000a5100000, 0x00000000a5200000|  0%| F|  |TAMS 0x00000000a5100000, 0x00000000a5100000| Untracked 
|  68|0x00000000a5200000, 0x00000000a5200000, 0x00000000a5300000|  0%| F|  |TAMS 0x00000000a5200000, 0x00000000a5200000| Untracked 
|  69|0x00000000a5300000, 0x00000000a5300000, 0x00000000a5400000|  0%| F|  |TAMS 0x00000000a5300000, 0x00000000a5300000| Untracked 
|  70|0x00000000a5400000, 0x00000000a5400000, 0x00000000a5500000|  0%| F|  |TAMS 0x00000000a5400000, 0x00000000a5400000| Untracked 
|  71|0x00000000a5500000, 0x00000000a5500000, 0x00000000a5600000|  0%| F|  |TAMS 0x00000000a5500000, 0x00000000a5500000| Untracked 
|  72|0x00000000a5600000, 0x00000000a5600000, 0x00000000a5700000|  0%| F|  |TAMS 0x00000000a5600000, 0x00000000a5600000| Untracked 
|  73|0x00000000a5700000, 0x00000000a5700000, 0x00000000a5800000|  0%| F|  |TAMS 0x00000000a5700000, 0x00000000a5700000| Untracked 
|  74|0x00000000a5800000, 0x00000000a5800000, 0x00000000a5900000|  0%| F|  |TAMS 0x00000000a5800000, 0x00000000a5800000| Untracked 
|  75|0x00000000a5900000, 0x00000000a5900000, 0x00000000a5a00000|  0%| F|  |TAMS 0x00000000a5900000, 0x00000000a5900000| Untracked 
|  76|0x00000000a5a00000, 0x00000000a5a00000, 0x00000000a5b00000|  0%| F|  |TAMS 0x00000000a5a00000, 0x00000000a5a00000| Untracked 
|  77|0x00000000a5b00000, 0x00000000a5b00000, 0x00000000a5c00000|  0%| F|  |TAMS 0x00000000a5b00000, 0x00000000a5b00000| Untracked 
|  78|0x00000000a5c00000, 0x00000000a5c00000, 0x00000000a5d00000|  0%| F|  |TAMS 0x00000000a5c00000, 0x00000000a5c00000| Untracked 
|  79|0x00000000a5d00000, 0x00000000a5d00000, 0x00000000a5e00000|  0%| F|  |TAMS 0x00000000a5d00000, 0x00000000a5d00000| Untracked 
|  80|0x00000000a5e00000, 0x00000000a5e00000, 0x00000000a5f00000|  0%| F|  |TAMS 0x00000000a5e00000, 0x00000000a5e00000| Untracked 
|  81|0x00000000a5f00000, 0x00000000a5f00000, 0x00000000a6000000|  0%| F|  |TAMS 0x00000000a5f00000, 0x00000000a5f00000| Untracked 
|  82|0x00000000a6000000, 0x00000000a6000000, 0x00000000a6100000|  0%| F|  |TAMS 0x00000000a6000000, 0x00000000a6000000| Untracked 
|  83|0x00000000a6100000, 0x00000000a6100000, 0x00000000a6200000|  0%| F|  |TAMS 0x00000000a6100000, 0x00000000a6100000| Untracked 
|  84|0x00000000a6200000, 0x00000000a6200000, 0x00000000a6300000|  0%| F|  |TAMS 0x00000000a6200000, 0x00000000a6200000| Untracked 
|  85|0x00000000a6300000, 0x00000000a6300000, 0x00000000a6400000|  0%| F|  |TAMS 0x00000000a6300000, 0x00000000a6300000| Untracked 
|  86|0x00000000a6400000, 0x00000000a6400000, 0x00000000a6500000|  0%| F|  |TAMS 0x00000000a6400000, 0x00000000a6400000| Untracked 
|  87|0x00000000a6500000, 0x00000000a6500000, 0x00000000a6600000|  0%| F|  |TAMS 0x00000000a6500000, 0x00000000a6500000| Untracked 
|  88|0x00000000a6600000, 0x00000000a6670de0, 0x00000000a6700000| 44%| E|  |TAMS 0x00000000a6600000, 0x00000000a6600000| Complete 
|  89|0x00000000a6700000, 0x00000000a6800000, 0x00000000a6800000|100%| E|CS|TAMS 0x00000000a6700000, 0x00000000a6700000| Complete 
|  90|0x00000000a6800000, 0x00000000a6900000, 0x00000000a6900000|100%| E|CS|TAMS 0x00000000a6800000, 0x00000000a6800000| Complete 
|  91|0x00000000a6900000, 0x00000000a6a00000, 0x00000000a6a00000|100%| E|CS|TAMS 0x00000000a6900000, 0x00000000a6900000| Complete 
|  92|0x00000000a6a00000, 0x00000000a6b00000, 0x00000000a6b00000|100%| E|  |TAMS 0x00000000a6a00000, 0x00000000a6a00000| Complete 
|  93|0x00000000a6b00000, 0x00000000a6c00000, 0x00000000a6c00000|100%| E|CS|TAMS 0x00000000a6b00000, 0x00000000a6b00000| Complete 
|  94|0x00000000a6c00000, 0x00000000a6d00000, 0x00000000a6d00000|100%| E|CS|TAMS 0x00000000a6c00000, 0x00000000a6c00000| Complete 
|  95|0x00000000a6d00000, 0x00000000a6e00000, 0x00000000a6e00000|100%| E|CS|TAMS 0x00000000a6d00000, 0x00000000a6d00000| Complete 

Card table byte_map: [0x000001effecf0000,0x000001effeff0000] _byte_map_base: 0x000001effe7e9000

Marking Bits (Prev, Next): (CMBitMap*) 0x000001effbc7c810, (CMBitMap*) 0x000001effbc7c850
 Prev Bits: [0x000001ef87e90000, 0x000001ef89658000)
 Next Bits: [0x000001ef89660000, 0x000001ef8ae28000)

Polling page: 0x000001eff9bb0000

Metaspace:

Usage:
  Non-class:    391.09 KB used.
      Class:     35.76 KB used.
       Both:    426.85 KB used.

Virtual space:
  Non-class space:       64.00 MB reserved,     448.00 KB ( <1%) committed,  1 nodes.
      Class space:        1.00 GB reserved,     128.00 KB ( <1%) committed,  1 nodes.
             Both:        1.06 GB reserved,     576.00 KB ( <1%) committed. 

Chunk freelists:
   Non-Class:  3.99 MB
       Class:  3.74 MB
        Both:  7.73 MB

MaxMetaspaceSize: unlimited
CompressedClassSpaceSize: 1.00 GB
Initial GC threshold: 21.00 MB
Current GC threshold: 21.00 MB
CDS: on
MetaspaceReclaimPolicy: balanced
 - commit_granule_bytes: 65536.
 - commit_granule_words: 8192.
 - virtual_space_node_default_size: 8388608.
 - enlarge_chunks_in_place: 1.
 - new_chunks_are_fully_committed: 0.
 - uncommit_free_chunks: 1.
 - use_allocation_guard: 0.


Internal statistics:

num_allocs_failed_limit: 0.
num_arena_births: 8.
num_arena_deaths: 0.
num_vsnodes_births: 2.
num_vsnodes_deaths: 0.
num_space_committed: 9.
num_space_uncommitted: 0.
num_chunks_returned_to_freelist: 0.
num_chunks_taken_from_freelist: 11.
num_chunk_merges: 0.
num_chunk_splits: 6.
num_chunks_enlarged: 2.
num_inconsistent_stats: 0.

CodeCache: size=49152Kb used=1625Kb max_used=2724Kb free=47526Kb
 bounds [0x000001effbcf0000, 0x000001effc000000, 0x000001effecf0000]
 total_blobs=765 nmethods=383 adapters=308
 compilation: enabled
              stopped_count=0, restarted_count=0
 full_count=0

Compilation events (20 events):
Event: 3.488 Thread 0x000001efff8b7d00  371       1       java.util.zip.ZipFile$Source::getEntryNext (9 bytes)
Event: 3.488 Thread 0x000001efff8b7d00 nmethod 371 0x000001effbf24010 code [0x000001effbf241a0, 0x000001effbf24298]
Event: 3.524 Thread 0x000001efff8b7d00  372   !   1       java.util.zip.InflaterInputStream::read (122 bytes)
Event: 3.525 Thread 0x000001efff8b7d00 nmethod 372 0x000001effbf22e10 code [0x000001effbf23060, 0x000001effbf23738]
Event: 3.525 Thread 0x000001efff8b7d00  374       1       java.util.ArrayDeque::inc (12 bytes)
Event: 3.525 Thread 0x000001efff8b7d00 nmethod 374 0x000001effbf22b10 code [0x000001effbf22ca0, 0x000001effbf22d58]
Event: 3.525 Thread 0x000001efff8b7d00  375       1       java.lang.ref.Reference::refersTo (6 bytes)
Event: 3.525 Thread 0x000001efff8b7d00 nmethod 375 0x000001effbf22810 code [0x000001effbf229c0, 0x000001effbf22aa8]
Event: 3.525 Thread 0x000001efff8b7d00  376       1       java.lang.ref.Reference::refersToImpl (6 bytes)
Event: 3.526 Thread 0x000001efff8b7d00 nmethod 376 0x000001effbf22510 code [0x000001effbf226a0, 0x000001effbf22788]
Event: 3.526 Thread 0x000001efff8b7d00  373       1       java.util.zip.InflaterInputStream::ensureOpen (18 bytes)
Event: 3.526 Thread 0x000001efff8b7d00 nmethod 373 0x000001effbf22190 code [0x000001effbf22340, 0x000001effbf22488]
Event: 3.552 Thread 0x000001efff8b7d00  378       1       java.util.zip.ZipFile::ensureOpen (40 bytes)
Event: 3.553 Thread 0x000001efff8b7d00 nmethod 378 0x000001effbf21d10 code [0x000001effbf21ee0, 0x000001effbf22098]
Event: 3.553 Thread 0x000001efff8b7d00  379   !   1       java.util.zip.ZipFile$Source::readFullyAt (74 bytes)
Event: 3.553 Thread 0x000001efff8b7d00 nmethod 379 0x000001effbf21690 code [0x000001effbf21840, 0x000001effbf21ab8]
Event: 3.609 Thread 0x000001efff8b7d00  381       1       java.io.WinNTFileSystem::normalize (224 bytes)
Event: 3.612 Thread 0x000001efff8b7d00 nmethod 381 0x000001effbf20310 code [0x000001effbf20560, 0x000001effbf20ce8]
Event: 3.645 Thread 0x000001efff8b7d00  382   !   1       java.util.zip.Inflater::inflate (410 bytes)
Event: 3.647 Thread 0x000001efff8b7d00 nmethod 382 0x000001effbf1eb90 code [0x000001effbf1ede0, 0x000001effbf1f668]

GC Heap History (0 events):
No events

Dll operation events (8 events):
Event: 0.088 Loaded shared library C:\Users\VyacheslaV\.jdks\openjdk-19.0.2\bin\java.dll
Event: 0.102 Loaded shared library C:\Users\VyacheslaV\.jdks\openjdk-19.0.2\bin\jsvml.dll
Event: 0.356 Loaded shared library C:\Users\VyacheslaV\.jdks\openjdk-19.0.2\bin\zip.dll
Event: 0.362 Loaded shared library C:\Users\VyacheslaV\.jdks\openjdk-19.0.2\bin\instrument.dll
Event: 0.376 Loaded shared library C:\Users\VyacheslaV\.jdks\openjdk-19.0.2\bin\net.dll
Event: 0.380 Loaded shared library C:\Users\VyacheslaV\.jdks\openjdk-19.0.2\bin\nio.dll
Event: 0.464 Loaded shared library C:\Users\VyacheslaV\.jdks\openjdk-19.0.2\bin\zip.dll
Event: 1.778 Loaded shared library C:\Users\VyacheslaV\.jdks\openjdk-19.0.2\bin\jimage.dll

Deoptimization events (0 events):
No events

Classes loaded (20 events):
Event: 1.799 Loading class sun/util/resources/cldr/TimeZoneNames done
Event: 1.800 Loading class sun/util/resources/cldr/TimeZoneNames_en
Event: 1.801 Loading class sun/util/resources/cldr/TimeZoneNames_en done
Event: 1.802 Loading class sun/util/resources/cldr/TimeZoneNames_en_US
Event: 1.802 Loading class sun/util/resources/cldr/TimeZoneNames_en_US done
Event: 1.804 Loading class java/util/LinkedHashMap$LinkedKeySet
Event: 1.804 Loading class java/util/LinkedHashMap$LinkedKeySet done
Event: 1.807 Loading class java/time/zone/ZoneRulesProvider
Event: 1.807 Loading class java/time/zone/ZoneRulesProvider done
Event: 1.807 Loading class java/time/zone/ZoneRulesProvider$1
Event: 1.808 Loading class java/time/zone/ZoneRulesProvider$1 done
Event: 1.808 Loading class java/time/zone/TzdbZoneRulesProvider
Event: 1.808 Loading class java/time/zone/TzdbZoneRulesProvider done
Event: 3.646 Loading class java/util/zip/DataFormatException
Event: 3.646 Loading class java/util/zip/DataFormatException done
Event: 3.647 Loading class java/io/IOException
Event: 3.647 Loading class java/io/IOException done
Event: 3.647 Loading class java/lang/SecurityException
Event: 3.647 Loading class java/lang/SecurityException done
Event: 3.647 Loading class java/util/ServiceConfigurationError

Classes unloaded (0 events):
No events

Classes redefined (0 events):
No events

Internal exceptions (1 events):
Event: 3.646 Thread 0x000001efff8aa2c0 Exception <a 'java/lang/OutOfMemoryError'{0x00000000a66326a0}> (0x00000000a66326a0) 
thrown [s\open\src\hotspot\share\prims\jni.cpp, line 536]

VM Operations (8 events):
Event: 0.316 Executing VM operation: HandshakeAllThreads
Event: 0.316 Executing VM operation: HandshakeAllThreads done
Event: 1.330 Executing VM operation: Cleanup
Event: 1.330 Executing VM operation: Cleanup done
Event: 1.796 Executing VM operation: HandshakeAllThreads
Event: 1.796 Executing VM operation: HandshakeAllThreads done
Event: 2.805 Executing VM operation: Cleanup
Event: 2.805 Executing VM operation: Cleanup done

Events (16 events):
Event: 0.102 Thread 0x000001effbc2d3c0 Thread added: 0x000001effbc2d3c0
Event: 0.119 Thread 0x000001efff8a6230 Thread added: 0x000001efff8a6230
Event: 0.119 Thread 0x000001efff8a7020 Thread added: 0x000001efff8a7020
Event: 0.119 Thread 0x000001efff8a9110 Thread added: 0x000001efff8a9110
Event: 0.120 Thread 0x000001efff8aa2c0 Thread added: 0x000001efff8aa2c0
Event: 0.120 Thread 0x000001efff8b0650 Thread added: 0x000001efff8b0650
Event: 0.120 Thread 0x000001efff8b1720 Thread added: 0x000001efff8b1720
Event: 0.120 Thread 0x000001efff8b7d00 Thread added: 0x000001efff8b7d00
Event: 0.120 Thread 0x000001efff8c1d80 Thread added: 0x000001efff8c1d80
Event: 0.291 Thread 0x000001ef9105a580 Thread added: 0x000001ef9105a580
Event: 0.317 Thread 0x000001efff93d510 Thread added: 0x000001efff93d510
Event: 0.319 Thread 0x000001efff93da90 Thread added: 0x000001efff93da90
Event: 1.758 Thread 0x000001efff93da90 Thread exited: 0x000001efff93da90
Event: 1.761 Thread 0x000001efff93da90 Thread added: 0x000001efff93da90
Event: 2.902 Thread 0x000001efff93da90 Thread exited: 0x000001efff93da90
Event: 3.488 Thread 0x000001efff93d510 Thread exited: 0x000001efff93d510


Dynamic libraries:
0x00007ff69bec0000 - 0x00007ff69bece000 	C:\Users\VyacheslaV\.jdks\openjdk-19.0.2\bin\java.exe
0x00007ffc97910000 - 0x00007ffc97b08000 	C:\WINDOWS\SYSTEM32\ntdll.dll
0x00007ffc96610000 - 0x00007ffc966cf000 	C:\WINDOWS\System32\KERNEL32.DLL
0x00007ffc955d0000 - 0x00007ffc958c6000 	C:\WINDOWS\System32\KERNELBASE.dll
0x00007ffc95200000 - 0x00007ffc95300000 	C:\WINDOWS\System32\ucrtbase.dll
0x00007ffc8ea20000 - 0x00007ffc8ea3b000 	C:\Users\VyacheslaV\.jdks\openjdk-19.0.2\bin\VCRUNTIME140.dll
0x00007ffc8ea40000 - 0x00007ffc8ea57000 	C:\Users\VyacheslaV\.jdks\openjdk-19.0.2\bin\jli.dll
0x00007ffc96800000 - 0x00007ffc9699d000 	C:\WINDOWS\System32\USER32.dll
0x00007ffc95940000 - 0x00007ffc95962000 	C:\WINDOWS\System32\win32u.dll
0x00007ffc96ad0000 - 0x00007ffc96afc000 	C:\WINDOWS\System32\GDI32.dll
0x00007ffc950e0000 - 0x00007ffc951f5000 	C:\WINDOWS\System32\gdi32full.dll
0x00007ffc94ff0000 - 0x00007ffc9508d000 	C:\WINDOWS\System32\msvcp_win.dll
0x00007ffc84970000 - 0x00007ffc84c0a000 	C:\WINDOWS\WinSxS\amd64_microsoft.windows.common-controls_6595b64144ccf1df_6.0.19041.1110_none_60b5254171f9507e\COMCTL32.dll
0x00007ffc95ac0000 - 0x00007ffc95b5e000 	C:\WINDOWS\System32\msvcrt.dll
0x00007ffc96fd0000 - 0x00007ffc97000000 	C:\WINDOWS\System32\IMM32.DLL
0x00007ffc90a30000 - 0x00007ffc90a3c000 	C:\Users\VyacheslaV\.jdks\openjdk-19.0.2\bin\vcruntime140_1.dll
0x00007ffc6c800000 - 0x00007ffc6c88e000 	C:\Users\VyacheslaV\.jdks\openjdk-19.0.2\bin\msvcp140.dll
0x00007ffc3b080000 - 0x00007ffc3bd40000 	C:\Users\VyacheslaV\.jdks\openjdk-19.0.2\bin\server\jvm.dll
0x00007ffc970b0000 - 0x00007ffc9715f000 	C:\WINDOWS\System32\ADVAPI32.dll
0x00007ffc97000000 - 0x00007ffc9709c000 	C:\WINDOWS\System32\sechost.dll
0x00007ffc966d0000 - 0x00007ffc967f6000 	C:\WINDOWS\System32\RPCRT4.dll
0x00007ffc8acb0000 - 0x00007ffc8acd7000 	C:\WINDOWS\SYSTEM32\WINMM.dll
0x00007ffc7f0a0000 - 0x00007ffc7f0a9000 	C:\WINDOWS\SYSTEM32\WSOCK32.dll
0x00007ffc95fc0000 - 0x00007ffc9602b000 	C:\WINDOWS\System32\WS2_32.dll
0x00007ffc8aca0000 - 0x00007ffc8acaa000 	C:\WINDOWS\SYSTEM32\VERSION.dll
0x00007ffc92e70000 - 0x00007ffc92e82000 	C:\WINDOWS\SYSTEM32\kernel.appcore.dll
0x00007ffc83d40000 - 0x00007ffc83d4a000 	C:\Users\VyacheslaV\.jdks\openjdk-19.0.2\bin\jimage.dll
0x00007ffc88740000 - 0x00007ffc88924000 	C:\WINDOWS\SYSTEM32\DBGHELP.DLL
0x00007ffc7f010000 - 0x00007ffc7f044000 	C:\WINDOWS\SYSTEM32\dbgcore.DLL
0x00007ffc95540000 - 0x00007ffc955c2000 	C:\WINDOWS\System32\bcryptPrimitives.dll
0x00007ffc924c0000 - 0x00007ffc924ce000 	C:\Users\VyacheslaV\.jdks\openjdk-19.0.2\bin\instrument.dll
0x00007ffc83d10000 - 0x00007ffc83d36000 	C:\Users\VyacheslaV\.jdks\openjdk-19.0.2\bin\java.dll
0x00007ffc60570000 - 0x00007ffc60647000 	C:\Users\VyacheslaV\.jdks\openjdk-19.0.2\bin\jsvml.dll
0x00007ffc97180000 - 0x00007ffc978c4000 	C:\WINDOWS\System32\SHELL32.dll
0x00007ffc93070000 - 0x00007ffc93803000 	C:\WINDOWS\SYSTEM32\windows.storage.dll
0x00007ffc96c10000 - 0x00007ffc96f64000 	C:\WINDOWS\System32\combase.dll
0x00007ffc94970000 - 0x00007ffc9499e000 	C:\WINDOWS\SYSTEM32\Wldp.dll
0x00007ffc95970000 - 0x00007ffc95a1d000 	C:\WINDOWS\System32\SHCORE.dll
0x00007ffc96a70000 - 0x00007ffc96ac5000 	C:\WINDOWS\System32\shlwapi.dll
0x00007ffc94f30000 - 0x00007ffc94f4f000 	C:\WINDOWS\SYSTEM32\profapi.dll
0x00007ffc823c0000 - 0x00007ffc823d8000 	C:\Users\VyacheslaV\.jdks\openjdk-19.0.2\bin\zip.dll
0x00007ffc83590000 - 0x00007ffc835a3000 	C:\Users\VyacheslaV\.jdks\openjdk-19.0.2\bin\net.dll
0x00007ffc8c320000 - 0x00007ffc8c42a000 	C:\WINDOWS\SYSTEM32\WINHTTP.dll
0x00007ffc946d0000 - 0x00007ffc9473a000 	C:\WINDOWS\system32\mswsock.dll
0x00007ffc83570000 - 0x00007ffc83586000 	C:\Users\VyacheslaV\.jdks\openjdk-19.0.2\bin\nio.dll

dbghelp: loaded successfully - version: 4.0.5 - missing functions: none
symbol engine: initialized successfully - sym options: 0x614 - pdb path: .;C:\Users\VyacheslaV\.jdks\openjdk-19.0.2\bin;C:\WINDOWS\SYSTEM32;C:\WINDOWS\WinSxS\amd64_microsoft.windows.common-controls_6595b64144ccf1df_6.0.19041.1110_none_60b5254171f9507e;C:\Users\VyacheslaV\.jdks\openjdk-19.0.2\bin\server

VM Arguments:
jvm_args: -XX:TieredStopAtLevel=1 -Dspring.output.ansi.enabled=always -Dcom.sun.management.jmxremote -Dspring.jmx.enabled=true -Dspring.liveBeansView.mbeanDomain -Dspring.application.admin.enabled=true -javaagent:C:\Program Files\JetBrains\IntelliJ IDEA 2022.2\lib\idea_rt.jar=60364:C:\Program Files\JetBrains\IntelliJ IDEA 2022.2\bin -Dfile.encoding=UTF-8 
java_command: com.itm.space.backend.client.BackendGatewayClientApplication
java_class_path (initial): C:\Users\VyacheslaV\IdeaProjects\MS\backend-gateway-client\target\classes;C:\Users\VyacheslaV\.m2\repository\org\springframework\cloud\spring-cloud-starter-gateway\3.1.3\spring-cloud-starter-gateway-3.1.3.jar;C:\Users\VyacheslaV\.m2\repository\org\springframework\cloud\spring-cloud-starter\3.1.3\spring-cloud-starter-3.1.3.jar;C:\Users\VyacheslaV\.m2\repository\org\springframework\cloud\spring-cloud-context\3.1.3\spring-cloud-context-3.1.3.jar;C:\Users\VyacheslaV\.m2\repository\org\springframework\cloud\spring-cloud-commons\3.1.3\spring-cloud-commons-3.1.3.jar;C:\Users\VyacheslaV\.m2\repository\org\springframework\security\spring-security-rsa\1.0.10.RELEASE\spring-security-rsa-1.0.10.RELEASE.jar;C:\Users\VyacheslaV\.m2\repository\org\bouncycastle\bcpkix-jdk15on\1.68\bcpkix-jdk15on-1.68.jar;C:\Users\VyacheslaV\.m2\repository\org\bouncycastle\bcprov-jdk15on\1.68\bcprov-jdk15on-1.68.jar;C:\Users\VyacheslaV\.m2\repository\org\springframework\cloud\spring-cloud-gateway-server\3.1.3\spring-cloud-gateway-server-3.1.3.jar;C:\Users\VyacheslaV\.m2\repository\org\springframework\boot\spring-boot-starter-validation\2.7.1\spring-boot-starter-validation-2.7.1.jar;C:\Users\VyacheslaV\.m2\repository\org\apache\tomcat\embed\tomcat-embed-el\9.0.64\tomcat-embed-el-9.0.64.jar;C:\Users\VyacheslaV\.m2\repository\org\hibernate\validator\hibernate-validator\6.2.3.Final\hibernate-validator-6.2.3.Final.jar;C:\Users\VyacheslaV\.m2\repository\jakarta\validation\jakarta.validation-api\2.0.2\jakarta.validation-api-2.0.2.jar;C:\Users\VyacheslaV\.m2\repository\org\jboss\logging\jboss-logging\3.4.3.Final\jboss-logging-3.4.3.Final.jar;C:\Users\VyacheslaV\.m2\repository\com\fasterxml\classmate\1.5.1\classmate-1.5.1.jar;C:\Users\VyacheslaV\.m2\repository\io\projectreactor\addons\reactor-extra\3.4.8\reactor-extra-3.4.8.jar;C:\Users\VyacheslaV\.m2\repository\io\projectreactor\reactor-core\3.4.19\reactor-core-3.4.19.jar;C:\Users\VyacheslaV\.m2\repository\org\reactivestreams\reactive-streams\1.0.4\reactive-streams-1.0.4.jar;C:\Users\VyacheslaV\.m2\repository\org\springframework\boot\spring-boot-starter-webflux\2.7.1\spring-boot-starter-webflux-2.7.1.jar;C:\Users\VyacheslaV\.m2\repository\org\springframework\boot\spring-boot-starter-json\2.7.1\spring-boot-starter-json-2.7.1.jar;C:\Users\VyacheslaV\.m2\repository\com\fasterxml\jackson\core\jackson-databind\2.13.3\jackson-databind-2.13.3.jar;C:\Users\VyacheslaV\.m2\repository\com\fasterxml\jackson\core\jackson-annotations\2.13.3\jackson-annotations-2.13.3.jar;C:\Users\VyacheslaV\.m2\repository\com\fasterxml\jackson\core\jackson-core\2.13.3\jackson-core-2.13.3.jar;C:\Users\VyacheslaV\.m2\repository\com\fasterxml\jackson\datatype\jackson-datatype-jdk8\2.13.3\jackson-datatype-jdk8-2.13.3.jar;C:\Users\VyacheslaV\.m2\repository\com\fasterxml\jackson\datatype\jackson-datatype-jsr310\2.13.3\jackson-datatype-jsr310-2.13.3.jar;C:\Users\VyacheslaV\.m2\repository\com\fasterxml\jackson\module\jackson-module-parameter-names\2.13.3\jackson-module-parameter-names-2.13.3.jar;C:\Users\VyacheslaV\.m2\repository\org\springframework\boot\spring-boot-starter-reactor-netty\2.7.1\spring-boot-starter-reactor-netty-2.7.1.jar;C:\Users\VyacheslaV\.m2\repository\io\projectreactor\netty\reactor-netty-http\1.0.20\reactor-netty-http-1.0.20.jar;C:\Users\VyacheslaV\.m2\repository\io\netty\netty-codec-http\4.1.78.Final\netty-codec-http-4.1.78.Final.jar;C:\Users\VyacheslaV\.m2\repository\io\netty\netty-common\4.1.78.Final\netty-common-4.1.78.Final.jar;C:\Users\VyacheslaV\.m2\repository\io\netty\netty-buffer\4.1.78.Final\netty-buffer-4.1.78.Final.jar;C:\Users\VyacheslaV\.m2\repository\io\netty\netty-transport\4.1.78.Final\netty-transport-4.1.78.Final.jar;C:\Users\VyacheslaV\.m2\repository\io\netty\netty-codec\4.1.78.Final\netty-codec-4.1.78.Final.jar;C:\Users\VyacheslaV\.m2\repository\io\netty\netty-handler\4.1.78.Final\netty-handler-4.1.78.Final.jar;C:\Users\VyacheslaV\.m2\repository\io\netty\netty-codec-http2\4.1.78.Final\netty-codec-http2-4.1.78.Final.jar;C:\Users\VyacheslaV\.m2\repository\io\netty\netty-resolver-dns\4.1.78.Final\netty-resolver-dns-4.1.78.Final.jar;C:\Users\VyacheslaV\.m2\repository\io\netty\netty-resolver\4.1.78.Final\netty-resolver-4.1.78.Final.jar;C:\Users\VyacheslaV\.m2\repository\io\netty\netty-codec-dns\4.1.78.Final\netty-codec-dns-4.1.78.Final.jar;C:\Users\VyacheslaV\.m2\repository\io\netty\netty-resolver-dns-native-macos\4.1.78.Final\netty-resolver-dns-native-macos-4.1.78.Final-osx-x86_64.jar;C:\Users\VyacheslaV\.m2\repository\io\netty\netty-resolver-dns-classes-macos\4.1.78.Final\netty-resolver-dns-classes-macos-4.1.78.Final.jar;C:\Users\VyacheslaV\.m2\repository\io\netty\netty-transport-native-epoll\4.1.78.Final\netty-transport-native-epoll-4.1.78.Final-linux-x86_64.jar;C:\Users\VyacheslaV\.m2\repository\io\netty\netty-transport-native-unix-common\4.1.78.Final\netty-transport-native-unix-common-4.1.78.Final.jar;C:\Users\VyacheslaV\.m2\repository\io\netty\netty-transport-classes-epoll\4.1.78.Final\netty-transport-classes-epoll-4.1.78.Final.jar;C:\Users\VyacheslaV\.m2\repository\io\projectreactor\netty\reactor-netty-core\1.0.20\reactor-netty-core-1.0.20.jar;C:\Users\VyacheslaV\.m2\repository\io\netty\netty-handler-proxy\4.1.78.Final\netty-handler-proxy-4.1.78.Final.jar;C:\Users\VyacheslaV\.m2\repository\io\netty\netty-codec-socks\4.1.78.Final\netty-codec-socks-4.1.78.Final.jar;C:\Users\VyacheslaV\.m2\repository\org\springframework\spring-web\5.3.21\spring-web-5.3.21.jar;C:\Users\VyacheslaV\.m2\repository\org\springframework\spring-webflux\5.3.21\spring-webflux-5.3.21.jar;C:\Users\VyacheslaV\.m2\repository\org\springframework\boot\spring-boot-starter-oauth2-client\2.7.1\spring-boot-starter-oauth2-client-2.7.1.jar;C:\Users\VyacheslaV\.m2\repository\org\springframework\boot\spring-boot-starter\2.7.1\spring-boot-starter-2.7.1.jar;C:\Users\VyacheslaV\.m2\repository\org\springframework\boot\spring-boot\2.7.1\spring-boot-2.7.1.jar;C:\Users\VyacheslaV\.m2\repository\org\springframework\boot\spring-boot-autoconfigure\2.7.1\spring-boot-autoconfigure-2.7.1.jar;C:\Users\VyacheslaV\.m2\repository\org\springframework\boot\spring-boot-starter-logging\2.7.1\spring-boot-starter-logging-2.7.1.jar;C:\Users\VyacheslaV\.m2\repository\ch\qos\logback\logback-classic\1.2.11\logback-classic-1.2.11.jar;C:\Users\VyacheslaV\.m2\repository\ch\qos\logback\logback-core\1.2.11\logback-core-1.2.11.jar;C:\Users\VyacheslaV\.m2\repository\org\apache\logging\log4j\log4j-to-slf4j\2.17.2\log4j-to-slf4j-2.17.2.jar;C:\Users\VyacheslaV\.m2\repository\org\apache\logging\log4j\log4j-api\2.17.2\log4j-api-2.17.2.jar;C:\Users\VyacheslaV\.m2\repository\org\slf4j\jul-to-slf4j\1.7.36\jul-to-slf4j-1.7.36.jar;C:\Users\VyacheslaV\.m2\repository\jakarta\annotation\jakarta.annotation-api\1.3.5\jakarta.annotation-api-1.3.5.jar;C:\Users\VyacheslaV\.m2\repository\org\yaml\snakeyaml\1.30\snakeyaml-1.30.jar;C:\Users\VyacheslaV\.m2\repository\org\springframework\security\spring-security-config\5.7.2\spring-security-config-5.7.2.jar;C:\Users\VyacheslaV\.m2\repository\org\springframework\spring-aop\5.3.21\spring-aop-5.3.21.jar;C:\Users\VyacheslaV\.m2\repository\org\springframework\spring-beans\5.3.21\spring-beans-5.3.21.jar;C:\Users\VyacheslaV\.m2\repository\org\springframework\spring-context\5.3.21\spring-context-5.3.21.jar;C:\Users\VyacheslaV\.m2\repository\org\springframework\security\spring-security-core\5.7.2\spring-security-core-5.7.2.jar;C:\Users\VyacheslaV\.m2\repository\org\springframework\security\spring-security-crypto\5.7.2\spring-security-crypto-5.7.2.jar;C:\Users\VyacheslaV\.m2\repository\org\springframework\spring-expression\5.3.21\spring-expression-5.3.21.jar;C:\Users\VyacheslaV\.m2\repository\org\springframework\security\spring-security-oauth2-client\5.7.2\spring-security-oauth2-client-5.7.2.jar;C:\Users\VyacheslaV\.m2\repository\org\springframework\security\spring-security-oauth2-core\5.7.2\spring-security-oauth2-core-5.7.2.jar;C:\Users\VyacheslaV\.m2\repository\org\springframework\security\spring-security-web\5.7.2\spring-security-web-5.7.2.jar;C:\Users\VyacheslaV\.m2\repository\com\nimbusds\oauth2-oidc-sdk\9.35\oauth2-oidc-sdk-9.35.jar;C:\Users\VyacheslaV\.m2\repository\com\github\stephenc\jcip\jcip-annotations\1.0-1\jcip-annotations-1.0-1.jar;C:\Users\VyacheslaV\.m2\repository\com\nimbusds\content-type\2.2\content-type-2.2.jar;C:\Users\VyacheslaV\.m2\repository\com\nimbusds\lang-tag\1.6\lang-tag-1.6.jar;C:\Users\VyacheslaV\.m2\repository\org\springframework\security\spring-security-oauth2-jose\5.7.2\spring-security-oauth2-jose-5.7.2.jar;C:\Users\VyacheslaV\.m2\repository\com\nimbusds\nimbus-jose-jwt\9.22\nimbus-jose-jwt-9.22.jar;C:\Users\VyacheslaV\.m2\repository\net\minidev\json-smart\2.4.8\json-smart-2.4.8.jar;C:\Users\VyacheslaV\.m2\repository\net\minidev\accessors-smart\2.4.8\accessors-smart-2.4.8.jar;C:\Users\VyacheslaV\.m2\repository\org\ow2\asm\asm\9.1\asm-9.1.jar;C:\Users\VyacheslaV\.m2\repository\org\slf4j\slf4j-api\1.7.36\slf4j-api-1.7.36.jar;C:\Users\VyacheslaV\.m2\repository\org\springframework\spring-core\5.3.21\spring-core-5.3.21.jar;C:\Users\VyacheslaV\.m2\repository\org\springframework\spring-jcl\5.3.21\spring-jcl-5.3.21.jar
Launcher Type: SUN_STANDARD

[Global flags]
     intx CICompilerCount                          = 3                                         {product} {ergonomic}
     uint ConcGCThreads                            = 1                                         {product} {ergonomic}
     uint G1ConcRefinementThreads                  = 4                                         {product} {ergonomic}
   size_t G1HeapRegionSize                         = 1048576                                   {product} {ergonomic}
    uintx GCDrainStackTargetSize                   = 64                                        {product} {ergonomic}
   size_t InitialHeapSize                          = 100663296                                 {product} {ergonomic}
     bool ManagementServer                         = true                                      {product} {command line}
   size_t MarkStackSize                            = 4194304                                   {product} {ergonomic}
   size_t MaxHeapSize                              = 1595932672                                {product} {ergonomic}
   size_t MaxNewSize                               = 957349888                                 {product} {ergonomic}
   size_t MinHeapDeltaBytes                        = 1048576                                   {product} {ergonomic}
   size_t MinHeapSize                              = 8388608                                   {product} {ergonomic}
    uintx NonProfiledCodeHeapSize                  = 0                                      {pd product} {ergonomic}
     bool ProfileInterpreter                       = false                                  {pd product} {command line}
    uintx ProfiledCodeHeapSize                     = 0                                      {pd product} {ergonomic}
   size_t SoftMaxHeapSize                          = 1595932672                             {manageable} {ergonomic}
     intx TieredStopAtLevel                        = 1                                         {product} {command line}
     bool UseCompressedClassPointers               = true                           {product lp64_product} {ergonomic}
     bool UseCompressedOops                        = true                           {product lp64_product} {ergonomic}
     bool UseG1GC                                  = true                                      {product} {ergonomic}
     bool UseLargePagesIndividualAllocation        = false                                  {pd product} {ergonomic}

Logging:
Log output configuration:
 #0: stdout all=warning uptime,level,tags foldmultilines=false
 #1: stderr all=off uptime,level,tags foldmultilines=false

Environment Variables:
JAVA_HOME=C:\Program Files\Java\jdk-18.0.2.1
PATH=C:\Program Files (x86)\NVIDIA Corporation\PhysX\Common;C:\Program Files\Common Files\Oracle\Java\javapath;C:\WINDOWS\system32;C:\WINDOWS;C:\WINDOWS\System32\Wbem;C:\WINDOWS\System32\WindowsPowerShell\v1.0\;C:\WINDOWS\System32\OpenSSH\;C:\Program Files\nodejs\;C:\Program Files (x86)\ZeroTier\One\;C:\Program Files\Git\cmd;C:\Program Files\Docker\Docker\resources\bin;C:\Users\VyacheslaV\AppData\Local\Programs\Python\Python310\Scripts\;C:\Users\VyacheslaV\AppData\Local\Programs\Python\Python310\;C:\Users\VyacheslaV\AppData\Local\Microsoft\WindowsApps;C:\Program Files\JetBrains\IntelliJ IDEA Community Edition 2022.3.3\bin;;C:\Users\VyacheslaV\AppData\Roaming\npm;C:\Users\VyacheslaV\AppData\Local\GitHubDesktop\bin
USERNAME=VyacheslaV
OS=Windows_NT
PROCESSOR_IDENTIFIER=AMD64 Family 23 Model 24 Stepping 1, AuthenticAMD
TMP=C:\Users\VYACHE~1\AppData\Local\Temp
TEMP=C:\Users\VYACHE~1\AppData\Local\Temp



---------------  S Y S T E M  ---------------

OS:
 Windows 10 , 64 bit Build 19041 (10.0.19041.2913)
OS uptime: 0 days 3:14 hours
Hyper-V role detected

CPU: total 4 (initial active 4) (4 cores per cpu, 2 threads per core) family 23 model 24 stepping 1 microcode 0x0, cx8, cmov, fxsr, ht, mmx, 3dnowpref, sse, sse2, sse3, ssse3, sse4a, sse4.1, sse4.2, popcnt, lzcnt, tsc, tscinvbit, avx, avx2, aes, clmul, bmi1, bmi2, adx, sha, fma, vzeroupper, clflush, clflushopt, hv, rdtscp

Memory: 4k page, system-wide physical 6082M (391M free)
TotalPageFile size 13582M (AvailPageFile size 0M)
current process WorkingSet (physical memory assigned to process): 37M, peak: 37M
current process commit charge ("private bytes"): 166M, peak: 166M

vm_info: OpenJDK 64-Bit Server VM (19.0.2+7-44) for windows-amd64 JRE (19.0.2+7-44), built on 2022-11-30T18:02:09Z by "mach5one" with MS VC++ 17.1 (VS2022)

END.
